LOGIN
SUMMARY
╒══════════════════════╤══════════╤═══════════╕
│ Section              │ Result   │ Comment   │
╞══════════════════════╪══════════╪═══════════╡
│ Summary              │ Pass     │           │
├──────────────────────┼──────────┼───────────┤
│ Member ID            │ Pass     │           │
├──────────────────────┼──────────┼───────────┤
│ Plan ID              │ Pass     │           │
├──────────────────────┼──────────┼───────────┤
│ Drop Down            │ Pass     │           │
├──────────────────────┼──────────┼───────────┤
│ Elizabeth Jones Page │ Pass     │           │
╘══════════════════════╧══════════╧═══════════╛
ID CARD
╒═══════════╤══════════╤═══════════╕
│ Section   │ Result   │ Comment   │
╞═══════════╪══════════╪═══════════╡
│ ID Card   │ Pass     │           │
├───────────┼──────────┼───────────┤
│ ID Front  │ Pass     │           │
├───────────┼──────────┼───────────┤
│ ID Back   │ Pass     │           │
╘═══════════╧══════════╧═══════════╛
CLAIMS
╒════════════════╤══════════╤═══════════╕
│ Section        │ Result   │ Comment   │
╞════════════════╪══════════╪═══════════╡
│ Claims         │ Pass     │           │
├────────────────┼──────────┼───────────┤
│ Claims Results │ Pass     │           │
├────────────────┼──────────┼───────────┤
│ Claims Link    │ Pass     │           │
├────────────────┼──────────┼───────────┤
│ Claims Page    │ Pass     │           │
╘════════════════╧══════════╧═══════════╛
MESSAGING
3572681
╒════════════════════════╤══════════╤═══════════╕
│ Section                │ Result   │ Comment   │
╞════════════════════════╪══════════╪═══════════╡
│ Messaging              │ Pass     │           │
├────────────────────────┼──────────┼───────────┤
│ Search Link            │ Pass     │           │
├────────────────────────┼──────────┼───────────┤
│ Search Last 10 Results │ Pass     │           │
├────────────────────────┼──────────┼───────────┤
│ Search By ID Link      │ Pass     │           │
├────────────────────────┼──────────┼───────────┤
│ Search By ID           │ Pass     │           │
├────────────────────────┼──────────┼───────────┤
│ Message                │ Pass     │           │
╘════════════════════════╧══════════╧═══════════╛
LOGOUT
╒═══════════════╤══════════╤═══════════╕
│ Section       │ Result   │ Comment   │
╞═══════════════╪══════════╪═══════════╡
│ Logout Button │ Pass     │           │
├───────────────┼──────────┼───────────┤
│ Logout        │ Pass     │           │
╘═══════════════╧══════════╧═══════════╛

Total Elapsed Test Time 60.62
