Chrome - hxweb01

LOGIN
ELIGIBILITY SECTION
╒══════════════════╤══════════╤═══════════╕
│ Section          │ Result   │ Comment   │
╞══════════════════╪══════════╪═══════════╡
│ Login            │ Pass     │           │
├──────────────────┼──────────┼───────────┤
│ Elig Search Link │ Pass     │           │
├──────────────────┼──────────┼───────────┤
│ Sam Jones Link   │ Pass     │           │
├──────────────────┼──────────┼───────────┤
│ Sam Jones Page   │ Pass     │           │
├──────────────────┼──────────┼───────────┤
│ Print View Link  │ Pass     │           │
├──────────────────┼──────────┼───────────┤
│ Print View Exit  │ Pass     │           │
╘══════════════════╧══════════╧═══════════╛
CLAIMS SECTION
╒═══════════════════╤══════════╤═══════════╕
│ Section           │ Result   │ Comment   │
╞═══════════════════╪══════════╪═══════════╡
│ Claim Search Link │ Pass     │           │
├───────────────────┼──────────┼───────────┤
│ Search Link       │ Pass     │           │
├───────────────────┼──────────┼───────────┤
│ Claim Link        │ Pass     │           │
├───────────────────┼──────────┼───────────┤
│ Claim Link Page   │ Pass     │           │
╘═══════════════════╧══════════╧═══════════╛
LOGOFF
╒═══════════╤══════════╤═══════════╕
│ Section   │ Result   │ Comment   │
╞═══════════╪══════════╪═══════════╡
│ Logoff    │ Pass     │           │
╘═══════════╧══════════╧═══════════╛

Total Elapsed Test Time 19.87
