Firefox - hxweb02

LOGIN
╒════════════════════╤══════════╤═══════════╕
│ Section            │ Result   │ Comment   │
╞════════════════════╪══════════╪═══════════╡
│ Login              │ Pass     │           │
├────────────────────┼──────────┼───────────┤
│ Provider Dashboard │ Pass     │           │
╘════════════════════╧══════════╧═══════════╛
ELIGIBILITY SECTION
╒════════════════════╤══════════╤═══════════╕
│ Section            │ Result   │ Comment   │
╞════════════════════╪══════════╪═══════════╡
│ Eligibility Header │ Pass     │           │
├────────────────────┼──────────┼───────────┤
│ Elig Link 1        │ Pass     │           │
├────────────────────┼──────────┼───────────┤
│ Elig Link 2        │ Pass     │           │
├────────────────────┼──────────┼───────────┤
│ Elig Link 3        │ Pass     │           │
├────────────────────┼──────────┼───────────┤
│ Elig Link 4        │ Pass     │           │
├────────────────────┼──────────┼───────────┤
│ Elig Link 5        │ Pass     │           │
├────────────────────┼──────────┼───────────┤
│ Elig Link 6        │ Pass     │           │
├────────────────────┼──────────┼───────────┤
│ Elig Link 7        │ Pass     │           │
├────────────────────┼──────────┼───────────┤
│ Elig Link 8        │ Pass     │           │
├────────────────────┼──────────┼───────────┤
│ Elig Link 9        │ Pass     │           │
├────────────────────┼──────────┼───────────┤
│ Elig Search        │ Pass     │           │
╘════════════════════╧══════════╧═══════════╛
NEWSLETTER/PAYMENTS SECTION
╒═════════════════════════╤══════════╤═══════════╕
│ Section                 │ Result   │ Comment   │
╞═════════════════════════╪══════════╪═══════════╡
│ Home Button             │ Pass     │           │
├─────────────────────────┼──────────┼───────────┤
│ Newsletter Content Item │ Pass     │           │
├─────────────────────────┼──────────┼───────────┤
│ Payments Link           │ Pass     │           │
├─────────────────────────┼──────────┼───────────┤
│ Payments Search Button  │ Pass     │           │
├─────────────────────────┼──────────┼───────────┤
│ Payments Search Results │ Pass     │           │
╘═════════════════════════╧══════════╧═══════════╛
CLAIMS SECTION
╒════════════════════════════╤══════════╤═══════════╕
│ Section                    │ Result   │ Comment   │
╞════════════════════════════╪══════════╪═══════════╡
│ Home Button                │ Pass     │           │
├────────────────────────────┼──────────┼───────────┤
│ Claims Button              │ Pass     │           │
├────────────────────────────┼──────────┼───────────┤
│ Claims Search              │ Pass     │           │
├────────────────────────────┼──────────┼───────────┤
│ Claims Search Button       │ Pass     │           │
├────────────────────────────┼──────────┼───────────┤
│ Claims Search Results      │ Pass     │           │
├────────────────────────────┼──────────┼───────────┤
│ Claims Search Results Page │ Pass     │           │
╘════════════════════════════╧══════════╧═══════════╛
AUTHORIZATIONS SECTION
╒══════════════════════════╤══════════╤═══════════╕
│ Section                  │ Result   │ Comment   │
╞══════════════════════════╪══════════╪═══════════╡
│ Home Button              │ Pass     │           │
├──────────────────────────┼──────────┼───────────┤
│ Auth Button              │ Pass     │           │
├──────────────────────────┼──────────┼───────────┤
│ Auth Search Button       │ Pass     │           │
├──────────────────────────┼──────────┼───────────┤
│ Auth Search Results      │ Pass     │           │
├──────────────────────────┼──────────┼───────────┤
│ Auth Search Results Page │ Pass     │           │
╘══════════════════════════╧══════════╧═══════════╛
CARE PLAN
╒═══════════════════════╤══════════╤═══════════╕
│ Section               │ Result   │ Comment   │
╞═══════════════════════╪══════════╪═══════════╡
│ Home Button           │ Pass     │           │
├───────────────────────┼──────────┼───────────┤
│ Care Plan Button      │ Pass     │           │
├───────────────────────┼──────────┼───────────┤
│ Care Plan Data Fields │ Pass     │           │
├───────────────────────┼──────────┼───────────┤
│ Care Plan Search      │ Pass     │           │
├───────────────────────┼──────────┼───────────┤
│ Care Plan Results     │ Pass     │           │
╘═══════════════════════╧══════════╧═══════════╛
MESSAGES AND PROFILE
╒═══════════════════════════╤══════════╤═══════════╕
│ Section                   │ Result   │ Comment   │
╞═══════════════════════════╪══════════╪═══════════╡
│ Home Button               │ Pass     │           │
├───────────────────────────┼──────────┼───────────┤
│ Messages Button           │ Pass     │           │
├───────────────────────────┼──────────┼───────────┤
│ Messages Main Page        │ Pass     │           │
├───────────────────────────┼──────────┼───────────┤
│ Messages Saved Page Link  │ Pass     │           │
├───────────────────────────┼──────────┼───────────┤
│ Messages Saved Page       │ Pass     │           │
├───────────────────────────┼──────────┼───────────┤
│ Messages Search Page Link │ Pass     │           │
├───────────────────────────┼──────────┼───────────┤
│ Messages Search Page      │ Pass     │           │
├───────────────────────────┼──────────┼───────────┤
│ Messages Search Button    │ Pass     │           │
├───────────────────────────┼──────────┼───────────┤
│ Messages Search           │ Pass     │           │
├───────────────────────────┼──────────┼───────────┤
│ Profile Button            │ Pass     │           │
├───────────────────────────┼──────────┼───────────┤
│ Profile Page              │ Pass     │           │
├───────────────────────────┼──────────┼───────────┤
│ Home Button               │ Pass     │           │
╘═══════════════════════════╧══════════╧═══════════╛
Side Menu
╒══════════════════╤══════════╤════════════════════════╕
│ Section          │ Result   │ Comment                │
╞══════════════════╪══════════╪════════════════════════╡
│ Side Menu Link 1 │ Pass     │                        │
├──────────────────┼──────────┼────────────────────────┤
│ Side Menu Page 1 │ Pass     │                        │
├──────────────────┼──────────┼────────────────────────┤
│ Side Menu Link 2 │ Skipped  │ Unabled to Automate    │
├──────────────────┼──────────┼────────────────────────┤
│ Side Menu Link 3 │ Pass     │                        │
├──────────────────┼──────────┼────────────────────────┤
│ Side Menu Page 3 │ Pass     │                        │
├──────────────────┼──────────┼────────────────────────┤
│ Side Menu Link 4 │ Pass     │                        │
├──────────────────┼──────────┼────────────────────────┤
│ Side Menu Page 4 │ Pass     │                        │
├──────────────────┼──────────┼────────────────────────┤
│ Side Menu Link 5 │ Pass     │                        │
├──────────────────┼──────────┼────────────────────────┤
│ Provider Tool    │ Pass     │                        │
├──────────────────┼──────────┼────────────────────────┤
│ Provider Results │ Pass     │                        │
├──────────────────┼──────────┼────────────────────────┤
│ Home Button      │ Pass     │                        │
├──────────────────┼──────────┼────────────────────────┤
│ Side Menu Link 6 │ Pass     │                        │
├──────────────────┼──────────┼────────────────────────┤
│ Side Menu Page 6 │ Pass     │                        │
├──────────────────┼──────────┼────────────────────────┤
│ Side Menu Link 7 │ Skipped  │ Unable to Automate     │
├──────────────────┼──────────┼────────────────────────┤
│ Side Menu Link 8 │ Pass     │                        │
├──────────────────┼──────────┼────────────────────────┤
│ Side Menu Page 8 │ Pass     │                        │
├──────────────────┼──────────┼────────────────────────┤
│ Side Menu Link 9 │ Skipped  │ Repeat of Profile Test │
╘══════════════════╧══════════╧════════════════════════╛
╒═══════════════╤══════════╤═══════════╕
│ Section       │ Result   │ Comment   │
╞═══════════════╪══════════╪═══════════╡
│ Logout Button │ Pass     │           │
├───────────────┼──────────┼───────────┤
│ Logout        │ Pass     │           │
╘═══════════════╧══════════╧═══════════╛

Total Elapsed Test Time 234.99
