API Check - Chrome - hxweb01

LOGIN
╒═══════════╤══════════╤═══════════╕
│ Section   │ Result   │ Comment   │
╞═══════════╪══════════╪═══════════╡
│ Login     │ Pass     │           │
╘═══════════╧══════════╧═══════════╛
Eligibility Section
╒══════════════════╤══════════╤═══════════╕
│ Section          │ Result   │ Comment   │
╞══════════════════╪══════════╪═══════════╡
│ Eligibility Link │ Pass     │           │
├──────────────────┼──────────┼───────────┤
│ Accumulator ID   │ Pass     │           │
├──────────────────┼──────────┼───────────┤
│ Item ID          │ Pass     │           │
├──────────────────┼──────────┼───────────┤
│ Eligibility ID   │ Pass     │           │
╘══════════════════╧══════════╧═══════════╛
Claims API
╒═════════════╤══════════╤═══════════╕
│ Section     │ Result   │ Comment   │
╞═════════════╪══════════╪═══════════╡
│ Claims Link │ Pass     │           │
├─────────────┼──────────┼───────────┤
│ Claim ID    │ Pass     │           │
╘═════════════╧══════════╧═══════════╛
User API
╒═══════════╤══════════╤═══════════╕
│ Section   │ Result   │ Comment   │
╞═══════════╪══════════╪═══════════╡
│ User Link │ Pass     │           │
├───────────┼──────────┼───────────┤
│ User ID   │ Pass     │           │
╘═══════════╧══════════╧═══════════╛
Session API
╒══════════════════════╤══════════╤═══════════╕
│ Section              │ Result   │ Comment   │
╞══════════════════════╪══════════╪═══════════╡
│ Session Link         │ Pass     │           │
├──────────────────────┼──────────┼───────────┤
│ Session Refresh Link │ Pass     │           │
├──────────────────────┼──────────┼───────────┤
│ Refresh              │ Pass     │           │
╘══════════════════════╧══════════╧═══════════╛
LOGOUT
╒═══════════════╤══════════╤═══════════╕
│ Section       │ Result   │ Comment   │
╞═══════════════╪══════════╪═══════════╡
│ Logout Button │ Pass     │           │
├───────────────┼──────────┼───────────┤
│ Logout        │ Pass     │           │
╘═══════════════╧══════════╧═══════════╛

Total Elapsed Test Time 21.01
