Safari - Member Demo

LOGIN
╒═══════════════╤══════════╤═══════════╕
│ Section       │ Result   │ Comment   │
╞═══════════════╪══════════╪═══════════╡
│ Login         │ Pass     │           │
├───────────────┼──────────┼───────────┤
│ Splash Screen │ Pass     │           │
╘═══════════════╧══════════╧═══════════╛
ELIGIBILITY DASHBOARD
╒═══════════════════════════╤══════════╤═══════════╕
│ Section                   │ Result   │ Comment   │
╞═══════════════════════════╪══════════╪═══════════╡
│ Coverage Section          │ Pass     │           │
├───────────────────────────┼──────────┼───────────┤
│ View All Link             │ Pass     │           │
├───────────────────────────┼──────────┼───────────┤
│ View All Link Page        │ Pass     │           │
├───────────────────────────┼──────────┼───────────┤
│ Elizabeth Jones Link      │ Pass     │           │
├───────────────────────────┼──────────┼───────────┤
│ Elizabeth Jones Link Page │ Pass     │           │
├───────────────────────────┼──────────┼───────────┤
│ Daniel Jones Link         │ Pass     │           │
├───────────────────────────┼──────────┼───────────┤
│ Daniel Jones Link Page    │ Pass     │           │
├───────────────────────────┼──────────┼───────────┤
│ Alicia Jones Link         │ Pass     │           │
├───────────────────────────┼──────────┼───────────┤
│ Elizabeth Jones Link Page │ Pass     │           │
╘═══════════════════════════╧══════════╧═══════════╛
BALANCE SECTION
╒══════════════════╤══════════╤═══════════╕
│ Section          │ Result   │ Comment   │
╞══════════════════╪══════════╪═══════════╡
│ Balances Section │ Pass     │           │
╘══════════════════╧══════════╧═══════════╛
CLAIMS DASHBOARD
╒══════════════════╤══════════╤═══════════════════╕
│ Section          │ Result   │ Comment           │
╞══════════════════╪══════════╪═══════════════════╡
│ Claims Section   │ Pass     │                   │
├──────────────────┼──────────┼───────────────────┤
│ Claims Link      │ Pass     │                   │
├──────────────────┼──────────┼───────────────────┤
│ Claims Link Page │ Pass     │                   │
├──────────────────┼──────────┼───────────────────┤
│ Claims Form Link │ Fail     │ Element Not Found │
├──────────────────┼──────────┼───────────────────┤
│ Claims Link 1    │ Pass     │                   │
├──────────────────┼──────────┼───────────────────┤
│ Claims Link 2    │ Pass     │                   │
├──────────────────┼──────────┼───────────────────┤
│ Claims Link 3    │ Pass     │                   │
├──────────────────┼──────────┼───────────────────┤
│ Claims Link 4    │ Pass     │                   │
├──────────────────┼──────────┼───────────────────┤
│ Claims Link 5    │ Pass     │                   │
├──────────────────┼──────────┼───────────────────┤
│ Claims Link 6    │ Pass     │                   │
├──────────────────┼──────────┼───────────────────┤
│ Claims Link 7    │ Pass     │                   │
├──────────────────┼──────────┼───────────────────┤
│ Claims Link 8    │ Pass     │                   │
├──────────────────┼──────────┼───────────────────┤
│ Claims Link 9    │ Pass     │                   │
├──────────────────┼──────────┼───────────────────┤
│ Claims Link 10   │ Pass     │                   │
╘══════════════════╧══════════╧═══════════════════╛
PAYMENTS SECTION
╒══════════════════╤══════════╤═══════════╕
│ Section          │ Result   │ Comment   │
╞══════════════════╪══════════╪═══════════╡
│ Home Button      │ Pass     │           │
├──────────────────┼──────────┼───────────┤
│ Payments Section │ Pass     │           │
├──────────────────┼──────────┼───────────┤
│ Payments Link    │ Pass     │           │
├──────────────────┼──────────┼───────────┤
│ Payments Page    │ Pass     │           │
├──────────────────┼──────────┼───────────┤
│ Payments Link 1  │ Pass     │           │
├──────────────────┼──────────┼───────────┤
│ Payments Link 2  │ Pass     │           │
├──────────────────┼──────────┼───────────┤
│ Payments Link 3  │ Pass     │           │
├──────────────────┼──────────┼───────────┤
│ Payments Link 4  │ Pass     │           │
├──────────────────┼──────────┼───────────┤
│ Payments Link 5  │ Pass     │           │
├──────────────────┼──────────┼───────────┤
│ Payments Link 6  │ Pass     │           │
├──────────────────┼──────────┼───────────┤
│ Payments Link 7  │ Pass     │           │
├──────────────────┼──────────┼───────────┤
│ Payments Link 8  │ Pass     │           │
├──────────────────┼──────────┼───────────┤
│ Payments Link 9  │ Pass     │           │
├──────────────────┼──────────┼───────────┤
│ Payments Link 10 │ Pass     │           │
├──────────────────┼──────────┼───────────┤
│ Payments Link 11 │ Pass     │           │
├──────────────────┼──────────┼───────────┤
│ Payments Link 12 │ Pass     │           │
╘══════════════════╧══════════╧═══════════╛
AUTHORIZATIONS SECTION
╒═════════════════════╤══════════╤═════════════════════════════════════╕
│ Section             │ Result   │ Comment                             │
╞═════════════════════╪══════════╪═════════════════════════════════════╡
│ Home Button         │ Pass     │                                     │
├─────────────────────┼──────────┼─────────────────────────────────────┤
│ Authorizations Link │ Pass     │                                     │
├─────────────────────┼──────────┼─────────────────────────────────────┤
│ Authorizations Page │ Pass     │                                     │
├─────────────────────┼──────────┼─────────────────────────────────────┤
│ Auth Link 1         │ Pass     │                                     │
├─────────────────────┼──────────┼─────────────────────────────────────┤
│ Auth Link 2         │ Pass     │                                     │
├─────────────────────┼──────────┼─────────────────────────────────────┤
│ Auth Link 3         │ Pass     │                                     │
├─────────────────────┼──────────┼─────────────────────────────────────┤
│ Auth Link 4         │ Fail     │ Element Not located After 5 Seconds │
├─────────────────────┼──────────┼─────────────────────────────────────┤
│ Auth Link 5         │ Fail     │ Element Not located After 5 Seconds │
├─────────────────────┼──────────┼─────────────────────────────────────┤
│ Auth Link 6         │ Fail     │ Element Not located After 5 Seconds │
├─────────────────────┼──────────┼─────────────────────────────────────┤
│ Auth Link 7         │ Fail     │ Element Not located After 5 Seconds │
├─────────────────────┼──────────┼─────────────────────────────────────┤
│ Auth Link 8         │ Fail     │ Element Not located After 5 Seconds │
├─────────────────────┼──────────┼─────────────────────────────────────┤
│ Auth Link 9         │ Fail     │ Element Not located After 5 Seconds │
├─────────────────────┼──────────┼─────────────────────────────────────┤
│ Auth Link 10        │ Fail     │ Element Not located After 5 Seconds │
╘═════════════════════╧══════════╧═════════════════════════════════════╛
PROVIDER SECTION
╒════════════════════╤══════════╤═══════════╕
│ Section            │ Result   │ Comment   │
╞════════════════════╪══════════╪═══════════╡
│ Home Button        │ Pass     │           │
├────────────────────┼──────────┼───────────┤
│ Provider Tool Link │ Pass     │           │
├────────────────────┼──────────┼───────────┤
│ Provider Tool      │ Pass     │           │
├────────────────────┼──────────┼───────────┤
│ Provider Results   │ Pass     │           │
╘════════════════════╧══════════╧═══════════╛
╒════════════════╤══════════╤═══════════╕
│ Section        │ Result   │ Comment   │
╞════════════════╪══════════╪═══════════╡
│ Home Button    │ Pass     │           │
├────────────────┼──────────┼───────────┤
│ Welness Button │ Pass     │           │
├────────────────┼──────────┼───────────┤
│ Wellness Page  │ Pass     │           │
╘════════════════╧══════════╧═══════════╛
SIDE MENU
╒══════════════════╤══════════╤════════════════════════════════════════════╕
│ Section          │ Result   │ Comment                                    │
╞══════════════════╪══════════╪════════════════════════════════════════════╡
│ Home Button      │ Pass     │                                            │
├──────────────────┼──────────┼────────────────────────────────────────────┤
│ Side Menu Link 1 │ Pass     │                                            │
├──────────────────┼──────────┼────────────────────────────────────────────┤
│ Side Menu Page 1 │ Fail     │ Page Did Not Load Properly After 5 Seconds │
├──────────────────┼──────────┼────────────────────────────────────────────┤
│ Side Menu Link 2 │ Fail     │ Element Not Located After 5 Seconds        │
├──────────────────┼──────────┼────────────────────────────────────────────┤
│ Side Menu Page 3 │ Skip     │ Safari Doesn't Support Back Button         │
├──────────────────┼──────────┼────────────────────────────────────────────┤
│ Side Menu Link 4 │ Fail     │ Element Not Located After 5 Seconds        │
├──────────────────┼──────────┼────────────────────────────────────────────┤
│ Side Menu Link 5 │ Fail     │ Element Not Located After 5 Seconds        │
├──────────────────┼──────────┼────────────────────────────────────────────┤
│ Side Menu Link 6 │ Fail     │ Element Not Located After 5 Seconds        │
╘══════════════════╧══════════╧════════════════════════════════════════════╛
MESSAGES AND PROFILE
╒═══════════════════════════╤══════════╤═══════════╕
│ Section                   │ Result   │ Comment   │
╞═══════════════════════════╪══════════╪═══════════╡
│ Messages Button           │ Pass     │           │
├───────────────────────────┼──────────┼───────────┤
│ Messages Main Page        │ Pass     │           │
├───────────────────────────┼──────────┼───────────┤
│ Messages Saved Page Link  │ Pass     │           │
├───────────────────────────┼──────────┼───────────┤
│ Messages Saved Page       │ Pass     │           │
├───────────────────────────┼──────────┼───────────┤
│ Messages Search Page Link │ Pass     │           │
├───────────────────────────┼──────────┼───────────┤
│ Messages Search Page      │ Pass     │           │
├───────────────────────────┼──────────┼───────────┤
│ Messages Search Button    │ Pass     │           │
├───────────────────────────┼──────────┼───────────┤
│ Messages Search           │ Pass     │           │
├───────────────────────────┼──────────┼───────────┤
│ Profile Button            │ Pass     │           │
├───────────────────────────┼──────────┼───────────┤
│ Profile Page              │ Pass     │           │
╘═══════════════════════════╧══════════╧═══════════╛
LOGOUT
╒═══════════════╤══════════╤═══════════╕
│ Section       │ Result   │ Comment   │
╞═══════════════╪══════════╪═══════════╡
│ Logout Button │ Pass     │           │
├───────────────┼──────────┼───────────┤
│ Logout        │ Pass     │           │
╘═══════════════╧══════════╧═══════════╛

Total Elapsed Test Time 359.18
